<?xml version="1.0" encoding="UTF-8"?>
<testsuite xmlns:xsi="http://www.w3.org/2001/XMLSchema-instance" xsi:noNamespaceSchemaLocation="https://maven.apache.org/surefire/maven-surefire-plugin/xsd/surefire-test-report-3.0.xsd" version="3.0" name="com.teamtrack.TeamtrackApplicationTests" time="11.355" tests="1" errors="0" skipped="0" failures="0">
  <properties>
[...]
</properties>
  <testcase name="contextLoads" classname="com.teamtrack.TeamtrackApplicationTests" time="0.671">
    <system-out><![CDATA[14:53:34.251 [main] INFO org.springframework.test.context.support.AnnotationConfigContextLoaderUtils -- Could not detect default configuration classes for test class [com.teamtrack.TeamtrackApplicationTests]: TeamtrackApplicationTests does not declare any static, non-private, non-final, nested classes annotated with @Configuration.
14:53:34.488 [main] INFO org.springframework.boot.test.context.SpringBootTestContextBootstrapper -- Found @SpringBootConfiguration com.teamtrack.TeamtrackApplication for test class com.teamtrack.TeamtrackApplicationTests

  .   ____          _            __ _ _
 /\\ / ___'_ __ _ _(_)_ __  __ _ \ \ \ \
( ( )\___ | '_ | '_| | '_ \/ _` | \ \ \ \
 \\/  ___)| |_)| | | | | || (_| |  ) ) ) )
  '  |____| .__|_| |_|_| |_\__, | / / / /
 =========|_|==============|___/=/_/_/_/

 :: Spring Boot ::                (v3.3.1)

2024-07-30T14:53:35.465+01:00  INFO 16360 --- [           main] c.teamtrack.TeamtrackApplicationTests    : Starting TeamtrackApplicationTests using Java 21.0.1 with PID 16360 (started by user in C:\Users\user\OneDrive - Ministere de l'Enseignement Superieur et de la Recherche Scientifique\Bureau\stage\teamtrack)
2024-07-30T14:53:35.468+01:00  INFO 16360 --- [           main] c.teamtrack.TeamtrackApplicationTests    : No active profile set, falling back to 1 default profile: "default"
2024-07-30T14:53:37.296+01:00  INFO 16360 --- [           main] .s.d.r.c.RepositoryConfigurationDelegate : Bootstrapping Spring Data JPA repositories in DEFAULT mode.
2024-07-30T14:53:37.509+01:00  INFO 16360 --- [           main] .s.d.r.c.RepositoryConfigurationDelegate : Finished Spring Data repository scanning in 180 ms. Found 8 JPA repository interfaces.
2024-07-30T14:53:38.791+01:00  INFO 16360 --- [           main] o.hibernate.jpa.internal.util.LogHelper  : HHH000204: Processing PersistenceUnitInfo [name: default]
2024-07-30T14:53:38.894+01:00  INFO 16360 --- [           main] org.hibernate.Version                    : HHH000412: Hibernate ORM core version 6.5.2.Final
2024-07-30T14:53:38.951+01:00  INFO 16360 --- [           main] o.h.c.internal.RegionFactoryInitiator    : HHH000026: Second-level cache disabled
2024-07-30T14:53:39.491+01:00  INFO 16360 --- [           main] o.s.o.j.p.SpringPersistenceUnitInfo      : No LoadTimeWeaver setup: ignoring JPA class transformer
2024-07-30T14:53:39.539+01:00  INFO 16360 --- [           main] com.zaxxer.hikari.HikariDataSource       : HikariPool-1 - Starting...
2024-07-30T14:53:39.827+01:00  INFO 16360 --- [           main] com.zaxxer.hikari.pool.HikariPool        : HikariPool-1 - Added connection conn0: url=jdbc:h2:mem:testdb user=SA
2024-07-30T14:53:39.829+01:00  INFO 16360 --- [           main] com.zaxxer.hikari.HikariDataSource       : HikariPool-1 - Start completed.
2024-07-30T14:53:39.864+01:00  WARN 16360 --- [           main] org.hibernate.orm.deprecation            : HHH90000025: H2Dialect does not need to be specified explicitly using 'hibernate.dialect' (remove the property setting and it will be selected by default)
2024-07-30T14:53:41.605+01:00  INFO 16360 --- [           main] o.h.e.t.j.p.i.JtaPlatformInitiator       : HHH000489: No JTA platform available (set 'hibernate.transaction.jta.platform' to enable JTA platform integration)
2024-07-30T14:53:41.673+01:00 DEBUG 16360 --- [           main] org.hibernate.SQL                        : create table tt_comment (id bigint generated by default as identity, created_at timestamp(6), created_by varchar(255), deleted boolean not null, message varchar(255), modified_at timestamp(6), modified_by varchar(255), task_id bigint, user_id bigint, primary key (id))
Hibernate: create table tt_comment (id bigint generated by default as identity, created_at timestamp(6), created_by varchar(255), deleted boolean not null, message varchar(255), modified_at timestamp(6), modified_by varchar(255), task_id bigint, user_id bigint, primary key (id))
2024-07-30T14:53:41.691+01:00 DEBUG 16360 --- [           main] org.hibernate.SQL                        : create table tt_permission (id bigint generated by default as identity, created_at timestamp(6), created_by varchar(255), deleted boolean not null, etat varchar(255), modified_at timestamp(6), modified_by varchar(255), primary key (id))
Hibernate: create table tt_permission (id bigint generated by default as identity, created_at timestamp(6), created_by varchar(255), deleted boolean not null, etat varchar(255), modified_at timestamp(6), modified_by varchar(255), primary key (id))
2024-07-30T14:53:41.695+01:00 DEBUG 16360 --- [           main] org.hibernate.SQL                        : create table tt_projects (id bigint generated by default as identity, created_at timestamp(6), created_by varchar(255), deleted boolean not null, description varchar(255), end_date timestamp(6), modified_at timestamp(6), modified_by varchar(255), name varchar(255), start_date timestamp(6), team_id bigint, primary key (id))
Hibernate: create table tt_projects (id bigint generated by default as identity, created_at timestamp(6), created_by varchar(255), deleted boolean not null, description varchar(255), end_date timestamp(6), modified_at timestamp(6), modified_by varchar(255), name varchar(255), start_date timestamp(6), team_id bigint, primary key (id))
2024-07-30T14:53:41.698+01:00 DEBUG 16360 --- [           main] org.hibernate.SQL                        : create table tt_role (id bigint generated by default as identity, created_at timestamp(6), created_by varchar(255), deleted boolean not null, modified_at timestamp(6), modified_by varchar(255), name VARCHAR(255), primary key (id))
Hibernate: create table tt_role (id bigint generated by default as identity, created_at timestamp(6), created_by varchar(255), deleted boolean not null, modified_at timestamp(6), modified_by varchar(255), name VARCHAR(255), primary key (id))
2024-07-30T14:53:41.702+01:00 DEBUG 16360 --- [           main] org.hibernate.SQL                        : create table tt_role_permission (permission_id bigint not null, role_id bigint not null)
Hibernate: create table tt_role_permission (permission_id bigint not null, role_id bigint not null)
2024-07-30T14:53:41.704+01:00 DEBUG 16360 --- [           main] org.hibernate.SQL                        : create table tt_sprint (id bigint generated by default as identity, created_at timestamp(6), created_by varchar(255), deleted boolean not null, description varchar(255), end_date timestamp(6), modified_at timestamp(6), modified_by varchar(255), name varchar(255), start_date timestamp(6), project_id bigint, primary key (id))
Hibernate: create table tt_sprint (id bigint generated by default as identity, created_at timestamp(6), created_by varchar(255), deleted boolean not null, description varchar(255), end_date timestamp(6), modified_at timestamp(6), modified_by varchar(255), name varchar(255), start_date timestamp(6), project_id bigint, primary key (id))
2024-07-30T14:53:41.706+01:00 DEBUG 16360 --- [           main] org.hibernate.SQL                        : create table tt_task (id bigint generated by default as identity, created_at timestamp(6), created_by varchar(255), deleted boolean not null, description varchar(255), end_date timestamp(6), modified_at timestamp(6), modified_by varchar(255), name varchar(255), start_date timestamp(6), sprint_id bigint, user_id bigint, primary key (id))
Hibernate: create table tt_task (id bigint generated by default as identity, created_at timestamp(6), created_by varchar(255), deleted boolean not null, description varchar(255), end_date timestamp(6), modified_at timestamp(6), modified_by varchar(255), name varchar(255), start_date timestamp(6), sprint_id bigint, user_id bigint, primary key (id))
2024-07-30T14:53:41.709+01:00 DEBUG 16360 --- [           main] org.hibernate.SQL                        : create table tt_team (id bigint generated by default as identity, created_at timestamp(6), created_by varchar(255), deleted boolean not null, modified_at timestamp(6), modified_by varchar(255), name varchar(255), primary key (id))
Hibernate: create table tt_team (id bigint generated by default as identity, created_at timestamp(6), created_by varchar(255), deleted boolean not null, modified_at timestamp(6), modified_by varchar(255), name varchar(255), primary key (id))
2024-07-30T14:53:41.711+01:00 DEBUG 16360 --- [           main] org.hibernate.SQL                        : create table tt_team_user (team_id bigint not null, user_id bigint not null)
Hibernate: create table tt_team_user (team_id bigint not null, user_id bigint not null)
2024-07-30T14:53:41.713+01:00 DEBUG 16360 --- [           main] org.hibernate.SQL                        : create table tt_user (id bigint generated by default as identity, created_at timestamp(6), created_by varchar(255), deleted boolean not null, email varchar(255), modified_at timestamp(6), modified_by varchar(255), name varchar(255), password varchar(255), phone varchar(255), pre_name varchar(255), role_id bigint, primary key (id))
Hibernate: create table tt_user (id bigint generated by default as identity, created_at timestamp(6), created_by varchar(255), deleted boolean not null, email varchar(255), modified_at timestamp(6), modified_by varchar(255), name varchar(255), password varchar(255), phone varchar(255), pre_name varchar(255), role_id bigint, primary key (id))
2024-07-30T14:53:41.717+01:00 DEBUG 16360 --- [           main] org.hibernate.SQL                        : alter table if exists tt_user drop constraint if exists UK63jw6ht8ei8ml4asyf0rishdb
Hibernate: alter table if exists tt_user drop constraint if exists UK63jw6ht8ei8ml4asyf0rishdb
2024-07-30T14:53:41.718+01:00 DEBUG 16360 --- [           main] org.hibernate.SQL                        : alter table if exists tt_user add constraint UK63jw6ht8ei8ml4asyf0rishdb unique (email)
Hibernate: alter table if exists tt_user add constraint UK63jw6ht8ei8ml4asyf0rishdb unique (email)
2024-07-30T14:53:41.721+01:00 DEBUG 16360 --- [           main] org.hibernate.SQL                        : alter table if exists tt_comment add constraint FK4h08idkeyg072ojij57r9x54r foreign key (task_id) references tt_task
Hibernate: alter table if exists tt_comment add constraint FK4h08idkeyg072ojij57r9x54r foreign key (task_id) references tt_task
2024-07-30T14:53:41.728+01:00 DEBUG 16360 --- [           main] org.hibernate.SQL                        : alter table if exists tt_comment add constraint FK7x03spxk5rh2nueyl8auiixkc foreign key (user_id) references tt_user
Hibernate: alter table if exists tt_comment add constraint FK7x03spxk5rh2nueyl8auiixkc foreign key (user_id) references tt_user
2024-07-30T14:53:41.730+01:00 DEBUG 16360 --- [           main] org.hibernate.SQL                        : alter table if exists tt_projects add constraint FK41xrm3hjvah5do84jr68i9wnx foreign key (team_id) references tt_team
Hibernate: alter table if exists tt_projects add constraint FK41xrm3hjvah5do84jr68i9wnx foreign key (team_id) references tt_team
2024-07-30T14:53:41.734+01:00 DEBUG 16360 --- [           main] org.hibernate.SQL                        : alter table if exists tt_role_permission add constraint FKm486jcme0m1pvhy6h56goqu57 foreign key (role_id) references tt_role
Hibernate: alter table if exists tt_role_permission add constraint FKm486jcme0m1pvhy6h56goqu57 foreign key (role_id) references tt_role
2024-07-30T14:53:41.737+01:00 DEBUG 16360 --- [           main] org.hibernate.SQL                        : alter table if exists tt_role_permission add constraint FKh7928mhcuj4ljxg6win1rj3ni foreign key (permission_id) references tt_permission
Hibernate: alter table if exists tt_role_permission add constraint FKh7928mhcuj4ljxg6win1rj3ni foreign key (permission_id) references tt_permission
2024-07-30T14:53:41.743+01:00 DEBUG 16360 --- [           main] org.hibernate.SQL                        : alter table if exists tt_sprint add constraint FKsf6o779mhqx96mog47l3amemf foreign key (project_id) references tt_projects
Hibernate: alter table if exists tt_sprint add constraint FKsf6o779mhqx96mog47l3amemf foreign key (project_id) references tt_projects
2024-07-30T14:53:41.744+01:00 DEBUG 16360 --- [           main] org.hibernate.SQL                        : alter table if exists tt_task add constraint FKe7n0ouy4h4pelvy93tkcj76vk foreign key (sprint_id) references tt_sprint
Hibernate: alter table if exists tt_task add constraint FKe7n0ouy4h4pelvy93tkcj76vk foreign key (sprint_id) references tt_sprint
2024-07-30T14:53:41.749+01:00 DEBUG 16360 --- [           main] org.hibernate.SQL                        : alter table if exists tt_task add constraint FK1fqs7uo74v61n3mt1hcxatnbg foreign key (user_id) references tt_user
Hibernate: alter table if exists tt_task add constraint FK1fqs7uo74v61n3mt1hcxatnbg foreign key (user_id) references tt_user
2024-07-30T14:53:41.751+01:00 DEBUG 16360 --- [           main] org.hibernate.SQL                        : alter table if exists tt_team_user add constraint FK7bxig6m4o7e4ywlbt7dg7lo68 foreign key (user_id) references tt_user
Hibernate: alter table if exists tt_team_user add constraint FK7bxig6m4o7e4ywlbt7dg7lo68 foreign key (user_id) references tt_user
2024-07-30T14:53:41.753+01:00 DEBUG 16360 --- [           main] org.hibernate.SQL                        : alter table if exists tt_team_user add constraint FKc18ket9hxww8pb3nl0in3ttnf foreign key (team_id) references tt_team
Hibernate: alter table if exists tt_team_user add constraint FKc18ket9hxww8pb3nl0in3ttnf foreign key (team_id) references tt_team
2024-07-30T14:53:41.754+01:00 DEBUG 16360 --- [           main] org.hibernate.SQL                        : alter table if exists tt_user add constraint FKryh2h51hti2m0srer5b7ivbu foreign key (role_id) references tt_role
Hibernate: alter table if exists tt_user add constraint FKryh2h51hti2m0srer5b7ivbu foreign key (role_id) references tt_role
2024-07-30T14:53:41.757+01:00  INFO 16360 --- [           main] j.LocalContainerEntityManagerFactoryBean : Initialized JPA EntityManagerFactory for persistence unit 'default'
2024-07-30T14:53:43.461+01:00  WARN 16360 --- [           main] JpaBaseConfiguration$JpaWebConfiguration : spring.jpa.open-in-view is enabled by default. Therefore, database queries may be performed during view rendering. Explicitly configure spring.jpa.open-in-view to disable this warning
2024-07-30T14:53:44.397+01:00  INFO 16360 --- [           main] o.s.b.a.h2.H2ConsoleAutoConfiguration    : H2 console available at '/h2-console'. Database available at 'jdbc:h2:mem:testdb'
2024-07-30T14:53:44.521+01:00  INFO 16360 --- [           main] c.teamtrack.TeamtrackApplicationTests    : Started TeamtrackApplicationTests in 9.705 seconds (process running for 12.001)
]]></system-out>
    <system-err><![CDATA[WARNING: A Java agent has been loaded dynamically (C:\Users\user\.m2\repository\net\bytebuddy\byte-buddy-agent\1.14.17\byte-buddy-agent-1.14.17.jar)
WARNING: If a serviceability tool is in use, please run with -XX:+EnableDynamicAgentLoading to hide this warning
WARNING: If a serviceability tool is not in use, please run with -Djdk.instrument.traceUsage for more information
WARNING: Dynamic loading of agents will be disallowed by default in a future release
]]></system-err>
  </testcase>
</testsuite>